ARM GAS  C:\Users\wokad\AppData\Local\Temp\cc4o9MV9.s 			page 1


   1              		.cpu cortex-m3
   2              		.eabi_attribute 20, 1
   3              		.eabi_attribute 21, 1
   4              		.eabi_attribute 23, 3
   5              		.eabi_attribute 24, 1
   6              		.eabi_attribute 25, 1
   7              		.eabi_attribute 26, 1
   8              		.eabi_attribute 30, 1
   9              		.eabi_attribute 34, 1
  10              		.eabi_attribute 18, 4
  11              		.file	"tim.c"
  12              		.text
  13              	.Ltext0:
  14              		.cfi_sections	.debug_frame
  15              		.section	.text.HAL_TIM_Base_MspInit,"ax",%progbits
  16              		.align	1
  17              		.global	HAL_TIM_Base_MspInit
  18              		.arch armv7-m
  19              		.syntax unified
  20              		.thumb
  21              		.thumb_func
  22              		.fpu softvfp
  24              	HAL_TIM_Base_MspInit:
  25              	.LVL0:
  26              	.LFB66:
  27              		.file 1 "../Core/Src/tim.c"
   1:../Core/Src/tim.c **** 
  28              		.loc 1 85 1 view -0
  29              		.cfi_startproc
  30              		@ args = 0, pretend = 0, frame = 8
  31              		@ frame_needed = 0, uses_anonymous_args = 0
  32              		.loc 1 87 3 view .LVU1
  33              		.loc 1 87 20 is_stmt 0 view .LVU2
  34 0000 0268     		ldr	r2, [r0]
  35              		.loc 1 87 5 view .LVU3
  36 0002 0E4B     		ldr	r3, .L8
  37 0004 9A42     		cmp	r2, r3
  38 0006 00D0     		beq	.L7
  39 0008 7047     		bx	lr
  40              	.L7:
  41              		.loc 1 85 1 view .LVU4
  42 000a 00B5     		push	{lr}
  43              	.LCFI0:
  44              		.cfi_def_cfa_offset 4
  45              		.cfi_offset 14, -4
  46 000c 83B0     		sub	sp, sp, #12
  47              	.LCFI1:
  48              		.cfi_def_cfa_offset 16
  49              		.loc 1 93 5 is_stmt 1 view .LVU5
  50              	.LBB2:
  51              		.loc 1 93 5 view .LVU6
  52              		.loc 1 93 5 view .LVU7
  53 000e 03F50333 		add	r3, r3, #134144
  54 0012 DA69     		ldr	r2, [r3, #28]
  55 0014 42F00202 		orr	r2, r2, #2
  56 0018 DA61     		str	r2, [r3, #28]
  57              		.loc 1 93 5 view .LVU8
ARM GAS  C:\Users\wokad\AppData\Local\Temp\cc4o9MV9.s 			page 2


  58 001a DB69     		ldr	r3, [r3, #28]
  59 001c 03F00203 		and	r3, r3, #2
  60 0020 0193     		str	r3, [sp, #4]
  61              		.loc 1 93 5 view .LVU9
  62 0022 019B     		ldr	r3, [sp, #4]
  63              	.LBE2:
  64              		.loc 1 93 5 view .LVU10
  65              		.loc 1 96 5 view .LVU11
  66 0024 0022     		movs	r2, #0
  67 0026 0521     		movs	r1, #5
  68 0028 1D20     		movs	r0, #29
  69              	.LVL1:
  70              		.loc 1 96 5 is_stmt 0 view .LVU12
  71 002a 054B     		ldr	r3, .L8+4
  72 002c 9847     		blx	r3
  73              	.LVL2:
  74              		.loc 1 97 5 is_stmt 1 view .LVU13
  75 002e 1D20     		movs	r0, #29
  76 0030 044B     		ldr	r3, .L8+8
  77 0032 9847     		blx	r3
  78              	.LVL3:
  79              		.loc 1 102 1 is_stmt 0 view .LVU14
  80 0034 03B0     		add	sp, sp, #12
  81              	.LCFI2:
  82              		.cfi_def_cfa_offset 4
  83              		@ sp needed
  84 0036 5DF804FB 		ldr	pc, [sp], #4
  85              	.L9:
  86 003a 00BF     		.align	2
  87              	.L8:
  88 003c 00040040 		.word	1073742848
  89 0040 00000000 		.word	HAL_NVIC_SetPriority
  90 0044 00000000 		.word	HAL_NVIC_EnableIRQ
  91              		.cfi_endproc
  92              	.LFE66:
  94              		.section	.text.HAL_TIM_MspPostInit,"ax",%progbits
  95              		.align	1
  96              		.global	HAL_TIM_MspPostInit
  97              		.syntax unified
  98              		.thumb
  99              		.thumb_func
 100              		.fpu softvfp
 102              	HAL_TIM_MspPostInit:
 103              	.LVL4:
 104              	.LFB67:
 105              		.loc 1 104 1 is_stmt 1 view -0
 106              		.cfi_startproc
 107              		@ args = 0, pretend = 0, frame = 24
 108              		@ frame_needed = 0, uses_anonymous_args = 0
 109              		.loc 1 104 1 is_stmt 0 view .LVU16
 110 0000 00B5     		push	{lr}
 111              	.LCFI3:
 112              		.cfi_def_cfa_offset 4
 113              		.cfi_offset 14, -4
 114 0002 87B0     		sub	sp, sp, #28
 115              	.LCFI4:
 116              		.cfi_def_cfa_offset 32
ARM GAS  C:\Users\wokad\AppData\Local\Temp\cc4o9MV9.s 			page 3


 117              		.loc 1 106 3 is_stmt 1 view .LVU17
 118              		.loc 1 106 20 is_stmt 0 view .LVU18
 119 0004 0023     		movs	r3, #0
 120 0006 0293     		str	r3, [sp, #8]
 121 0008 0393     		str	r3, [sp, #12]
 122 000a 0493     		str	r3, [sp, #16]
 123 000c 0593     		str	r3, [sp, #20]
 124              		.loc 1 107 3 is_stmt 1 view .LVU19
 125              		.loc 1 107 15 is_stmt 0 view .LVU20
 126 000e 0268     		ldr	r2, [r0]
 127              		.loc 1 107 5 view .LVU21
 128 0010 0D4B     		ldr	r3, .L14
 129 0012 9A42     		cmp	r2, r3
 130 0014 02D0     		beq	.L13
 131              	.LVL5:
 132              	.L10:
 133              		.loc 1 127 1 view .LVU22
 134 0016 07B0     		add	sp, sp, #28
 135              	.LCFI5:
 136              		.cfi_remember_state
 137              		.cfi_def_cfa_offset 4
 138              		@ sp needed
 139 0018 5DF804FB 		ldr	pc, [sp], #4
 140              	.LVL6:
 141              	.L13:
 142              	.LCFI6:
 143              		.cfi_restore_state
 144              		.loc 1 113 5 is_stmt 1 view .LVU23
 145              	.LBB3:
 146              		.loc 1 113 5 view .LVU24
 147              		.loc 1 113 5 view .LVU25
 148 001c 03F50333 		add	r3, r3, #134144
 149 0020 9A69     		ldr	r2, [r3, #24]
 150 0022 42F00402 		orr	r2, r2, #4
 151 0026 9A61     		str	r2, [r3, #24]
 152              		.loc 1 113 5 view .LVU26
 153 0028 9B69     		ldr	r3, [r3, #24]
 154 002a 03F00403 		and	r3, r3, #4
 155 002e 0193     		str	r3, [sp, #4]
 156              		.loc 1 113 5 view .LVU27
 157 0030 019B     		ldr	r3, [sp, #4]
 158              	.LBE3:
 159              		.loc 1 113 5 view .LVU28
 160              		.loc 1 117 5 view .LVU29
 161              		.loc 1 117 25 is_stmt 0 view .LVU30
 162 0032 4023     		movs	r3, #64
 163 0034 0293     		str	r3, [sp, #8]
 164              		.loc 1 118 5 is_stmt 1 view .LVU31
 165              		.loc 1 118 26 is_stmt 0 view .LVU32
 166 0036 0223     		movs	r3, #2
 167 0038 0393     		str	r3, [sp, #12]
 168              		.loc 1 119 5 is_stmt 1 view .LVU33
 169              		.loc 1 119 27 is_stmt 0 view .LVU34
 170 003a 0593     		str	r3, [sp, #20]
 171              		.loc 1 120 5 is_stmt 1 view .LVU35
 172 003c 02A9     		add	r1, sp, #8
 173 003e 0348     		ldr	r0, .L14+4
ARM GAS  C:\Users\wokad\AppData\Local\Temp\cc4o9MV9.s 			page 4


 174              	.LVL7:
 175              		.loc 1 120 5 is_stmt 0 view .LVU36
 176 0040 034B     		ldr	r3, .L14+8
 177 0042 9847     		blx	r3
 178              	.LVL8:
 179              		.loc 1 127 1 view .LVU37
 180 0044 E7E7     		b	.L10
 181              	.L15:
 182 0046 00BF     		.align	2
 183              	.L14:
 184 0048 00040040 		.word	1073742848
 185 004c 00080140 		.word	1073809408
 186 0050 00000000 		.word	HAL_GPIO_Init
 187              		.cfi_endproc
 188              	.LFE67:
 190              		.section	.text.MX_TIM3_Init,"ax",%progbits
 191              		.align	1
 192              		.global	MX_TIM3_Init
 193              		.syntax unified
 194              		.thumb
 195              		.thumb_func
 196              		.fpu softvfp
 198              	MX_TIM3_Init:
 199              	.LFB65:
 200              		.loc 1 31 1 is_stmt 1 view -0
 201              		.cfi_startproc
 202              		@ args = 0, pretend = 0, frame = 56
 203              		@ frame_needed = 0, uses_anonymous_args = 0
 204 0000 00B5     		push	{lr}
 205              	.LCFI7:
 206              		.cfi_def_cfa_offset 4
 207              		.cfi_offset 14, -4
 208 0002 8FB0     		sub	sp, sp, #60
 209              	.LCFI8:
 210              		.cfi_def_cfa_offset 64
 211              		.loc 1 37 3 view .LVU39
 212              		.loc 1 37 26 is_stmt 0 view .LVU40
 213 0004 0023     		movs	r3, #0
 214 0006 0A93     		str	r3, [sp, #40]
 215 0008 0B93     		str	r3, [sp, #44]
 216 000a 0C93     		str	r3, [sp, #48]
 217 000c 0D93     		str	r3, [sp, #52]
 218              		.loc 1 38 3 is_stmt 1 view .LVU41
 219              		.loc 1 38 27 is_stmt 0 view .LVU42
 220 000e 0893     		str	r3, [sp, #32]
 221 0010 0993     		str	r3, [sp, #36]
 222              		.loc 1 39 3 is_stmt 1 view .LVU43
 223              		.loc 1 39 22 is_stmt 0 view .LVU44
 224 0012 0193     		str	r3, [sp, #4]
 225 0014 0293     		str	r3, [sp, #8]
 226 0016 0393     		str	r3, [sp, #12]
 227 0018 0493     		str	r3, [sp, #16]
 228 001a 0593     		str	r3, [sp, #20]
 229 001c 0693     		str	r3, [sp, #24]
 230 001e 0793     		str	r3, [sp, #28]
 231              		.loc 1 44 3 is_stmt 1 view .LVU45
 232              		.loc 1 44 18 is_stmt 0 view .LVU46
ARM GAS  C:\Users\wokad\AppData\Local\Temp\cc4o9MV9.s 			page 5


 233 0020 2048     		ldr	r0, .L28
 234 0022 214A     		ldr	r2, .L28+4
 235 0024 0260     		str	r2, [r0]
 236              		.loc 1 45 3 is_stmt 1 view .LVU47
 237              		.loc 1 45 24 is_stmt 0 view .LVU48
 238 0026 41F63F72 		movw	r2, #7999
 239 002a 4260     		str	r2, [r0, #4]
 240              		.loc 1 46 3 is_stmt 1 view .LVU49
 241              		.loc 1 46 26 is_stmt 0 view .LVU50
 242 002c 8360     		str	r3, [r0, #8]
 243              		.loc 1 47 3 is_stmt 1 view .LVU51
 244              		.loc 1 47 21 is_stmt 0 view .LVU52
 245 002e 0922     		movs	r2, #9
 246 0030 C260     		str	r2, [r0, #12]
 247              		.loc 1 48 3 is_stmt 1 view .LVU53
 248              		.loc 1 48 28 is_stmt 0 view .LVU54
 249 0032 0361     		str	r3, [r0, #16]
 250              		.loc 1 49 3 is_stmt 1 view .LVU55
 251              		.loc 1 49 32 is_stmt 0 view .LVU56
 252 0034 8361     		str	r3, [r0, #24]
 253              		.loc 1 50 3 is_stmt 1 view .LVU57
 254              		.loc 1 50 7 is_stmt 0 view .LVU58
 255 0036 1D4B     		ldr	r3, .L28+8
 256 0038 9847     		blx	r3
 257              	.LVL9:
 258              		.loc 1 50 6 view .LVU59
 259 003a 20BB     		cbnz	r0, .L23
 260              	.L17:
 261              		.loc 1 54 3 is_stmt 1 view .LVU60
 262              		.loc 1 54 34 is_stmt 0 view .LVU61
 263 003c 4FF48053 		mov	r3, #4096
 264 0040 0A93     		str	r3, [sp, #40]
 265              		.loc 1 55 3 is_stmt 1 view .LVU62
 266              		.loc 1 55 7 is_stmt 0 view .LVU63
 267 0042 0AA9     		add	r1, sp, #40
 268 0044 1748     		ldr	r0, .L28
 269 0046 1A4B     		ldr	r3, .L28+12
 270 0048 9847     		blx	r3
 271              	.LVL10:
 272              		.loc 1 55 6 view .LVU64
 273 004a F8B9     		cbnz	r0, .L24
 274              	.L18:
 275              		.loc 1 59 3 is_stmt 1 view .LVU65
 276              		.loc 1 59 7 is_stmt 0 view .LVU66
 277 004c 1548     		ldr	r0, .L28
 278 004e 194B     		ldr	r3, .L28+16
 279 0050 9847     		blx	r3
 280              	.LVL11:
 281              		.loc 1 59 6 view .LVU67
 282 0052 F0B9     		cbnz	r0, .L25
 283              	.L19:
 284              		.loc 1 63 3 is_stmt 1 view .LVU68
 285              		.loc 1 63 37 is_stmt 0 view .LVU69
 286 0054 0023     		movs	r3, #0
 287 0056 0893     		str	r3, [sp, #32]
 288              		.loc 1 64 3 is_stmt 1 view .LVU70
 289              		.loc 1 64 33 is_stmt 0 view .LVU71
ARM GAS  C:\Users\wokad\AppData\Local\Temp\cc4o9MV9.s 			page 6


 290 0058 0993     		str	r3, [sp, #36]
 291              		.loc 1 65 3 is_stmt 1 view .LVU72
 292              		.loc 1 65 7 is_stmt 0 view .LVU73
 293 005a 08A9     		add	r1, sp, #32
 294 005c 1148     		ldr	r0, .L28
 295 005e 164B     		ldr	r3, .L28+20
 296 0060 9847     		blx	r3
 297              	.LVL12:
 298              		.loc 1 65 6 view .LVU74
 299 0062 C8B9     		cbnz	r0, .L26
 300              	.L20:
 301              		.loc 1 69 3 is_stmt 1 view .LVU75
 302              		.loc 1 69 20 is_stmt 0 view .LVU76
 303 0064 6023     		movs	r3, #96
 304 0066 0193     		str	r3, [sp, #4]
 305              		.loc 1 70 3 is_stmt 1 view .LVU77
 306              		.loc 1 70 19 is_stmt 0 view .LVU78
 307 0068 0022     		movs	r2, #0
 308 006a 0292     		str	r2, [sp, #8]
 309              		.loc 1 71 3 is_stmt 1 view .LVU79
 310              		.loc 1 71 24 is_stmt 0 view .LVU80
 311 006c 0392     		str	r2, [sp, #12]
 312              		.loc 1 72 3 is_stmt 1 view .LVU81
 313              		.loc 1 72 24 is_stmt 0 view .LVU82
 314 006e 0592     		str	r2, [sp, #20]
 315              		.loc 1 73 3 is_stmt 1 view .LVU83
 316              		.loc 1 73 7 is_stmt 0 view .LVU84
 317 0070 01A9     		add	r1, sp, #4
 318 0072 0C48     		ldr	r0, .L28
 319 0074 114B     		ldr	r3, .L28+24
 320 0076 9847     		blx	r3
 321              	.LVL13:
 322              		.loc 1 73 6 view .LVU85
 323 0078 88B9     		cbnz	r0, .L27
 324              	.L21:
 325              		.loc 1 80 3 is_stmt 1 view .LVU86
 326 007a 0A48     		ldr	r0, .L28
 327 007c 104B     		ldr	r3, .L28+28
 328 007e 9847     		blx	r3
 329              	.LVL14:
 330              		.loc 1 82 1 is_stmt 0 view .LVU87
 331 0080 0FB0     		add	sp, sp, #60
 332              	.LCFI9:
 333              		.cfi_remember_state
 334              		.cfi_def_cfa_offset 4
 335              		@ sp needed
 336 0082 5DF804FB 		ldr	pc, [sp], #4
 337              	.L23:
 338              	.LCFI10:
 339              		.cfi_restore_state
 340              		.loc 1 52 5 is_stmt 1 view .LVU88
 341 0086 0F4B     		ldr	r3, .L28+32
 342 0088 9847     		blx	r3
 343              	.LVL15:
 344 008a D7E7     		b	.L17
 345              	.L24:
 346              		.loc 1 57 5 view .LVU89
ARM GAS  C:\Users\wokad\AppData\Local\Temp\cc4o9MV9.s 			page 7


 347 008c 0D4B     		ldr	r3, .L28+32
 348 008e 9847     		blx	r3
 349              	.LVL16:
 350 0090 DCE7     		b	.L18
 351              	.L25:
 352              		.loc 1 61 5 view .LVU90
 353 0092 0C4B     		ldr	r3, .L28+32
 354 0094 9847     		blx	r3
 355              	.LVL17:
 356 0096 DDE7     		b	.L19
 357              	.L26:
 358              		.loc 1 67 5 view .LVU91
 359 0098 0A4B     		ldr	r3, .L28+32
 360 009a 9847     		blx	r3
 361              	.LVL18:
 362 009c E2E7     		b	.L20
 363              	.L27:
 364              		.loc 1 75 5 view .LVU92
 365 009e 094B     		ldr	r3, .L28+32
 366 00a0 9847     		blx	r3
 367              	.LVL19:
 368 00a2 EAE7     		b	.L21
 369              	.L29:
 370              		.align	2
 371              	.L28:
 372 00a4 00000000 		.word	.LANCHOR0
 373 00a8 00040040 		.word	1073742848
 374 00ac 00000000 		.word	HAL_TIM_Base_Init
 375 00b0 00000000 		.word	HAL_TIM_ConfigClockSource
 376 00b4 00000000 		.word	HAL_TIM_PWM_Init
 377 00b8 00000000 		.word	HAL_TIMEx_MasterConfigSynchronization
 378 00bc 00000000 		.word	HAL_TIM_PWM_ConfigChannel
 379 00c0 00000000 		.word	HAL_TIM_MspPostInit
 380 00c4 00000000 		.word	Error_Handler
 381              		.cfi_endproc
 382              	.LFE65:
 384              		.section	.text.HAL_TIM_Base_MspDeInit,"ax",%progbits
 385              		.align	1
 386              		.global	HAL_TIM_Base_MspDeInit
 387              		.syntax unified
 388              		.thumb
 389              		.thumb_func
 390              		.fpu softvfp
 392              	HAL_TIM_Base_MspDeInit:
 393              	.LVL20:
 394              	.LFB68:
 395              		.loc 1 130 1 view -0
 396              		.cfi_startproc
 397              		@ args = 0, pretend = 0, frame = 0
 398              		@ frame_needed = 0, uses_anonymous_args = 0
 399              		.loc 1 130 1 is_stmt 0 view .LVU94
 400 0000 08B5     		push	{r3, lr}
 401              	.LCFI11:
 402              		.cfi_def_cfa_offset 8
 403              		.cfi_offset 3, -8
 404              		.cfi_offset 14, -4
 405              		.loc 1 132 3 is_stmt 1 view .LVU95
ARM GAS  C:\Users\wokad\AppData\Local\Temp\cc4o9MV9.s 			page 8


 406              		.loc 1 132 20 is_stmt 0 view .LVU96
 407 0002 0268     		ldr	r2, [r0]
 408              		.loc 1 132 5 view .LVU97
 409 0004 064B     		ldr	r3, .L34
 410 0006 9A42     		cmp	r2, r3
 411 0008 00D0     		beq	.L33
 412              	.LVL21:
 413              	.L30:
 414              		.loc 1 146 1 view .LVU98
 415 000a 08BD     		pop	{r3, pc}
 416              	.LVL22:
 417              	.L33:
 418              		.loc 1 138 5 is_stmt 1 view .LVU99
 419 000c 054A     		ldr	r2, .L34+4
 420 000e D369     		ldr	r3, [r2, #28]
 421 0010 23F00203 		bic	r3, r3, #2
 422 0014 D361     		str	r3, [r2, #28]
 423              		.loc 1 141 5 view .LVU100
 424 0016 1D20     		movs	r0, #29
 425              	.LVL23:
 426              		.loc 1 141 5 is_stmt 0 view .LVU101
 427 0018 034B     		ldr	r3, .L34+8
 428 001a 9847     		blx	r3
 429              	.LVL24:
 430              		.loc 1 146 1 view .LVU102
 431 001c F5E7     		b	.L30
 432              	.L35:
 433 001e 00BF     		.align	2
 434              	.L34:
 435 0020 00040040 		.word	1073742848
 436 0024 00100240 		.word	1073876992
 437 0028 00000000 		.word	HAL_NVIC_DisableIRQ
 438              		.cfi_endproc
 439              	.LFE68:
 441              		.global	htim3
 442              		.section	.bss.htim3,"aw",%nobits
 443              		.align	2
 444              		.set	.LANCHOR0,. + 0
 447              	htim3:
 448 0000 00000000 		.space	72
 448      00000000 
 448      00000000 
 448      00000000 
 448      00000000 
 449              		.text
 450              	.Letext0:
 451              		.file 2 "../e:\\fakultet\\mips\\gnu mcu\\arm-none-eabi-gcc-10.2.1-1.1\\arm-none-eabi\\include\\mac
 452              		.file 3 "../e:\\fakultet\\mips\\gnu mcu\\arm-none-eabi-gcc-10.2.1-1.1\\arm-none-eabi\\include\\sys
 453              		.file 4 "../Drivers/CMSIS/Device/ST/STM32F1xx/Include/stm32f103x6.h"
 454              		.file 5 "../Drivers/STM32F1xx_HAL_Driver/Inc/stm32f1xx_hal_def.h"
 455              		.file 6 "../Drivers/STM32F1xx_HAL_Driver/Inc/stm32f1xx_hal_gpio.h"
 456              		.file 7 "../Drivers/STM32F1xx_HAL_Driver/Inc/stm32f1xx_hal_dma.h"
 457              		.file 8 "../Drivers/STM32F1xx_HAL_Driver/Inc/stm32f1xx_hal_tim.h"
 458              		.file 9 "../Drivers/STM32F1xx_HAL_Driver/Inc/stm32f1xx_hal_cortex.h"
 459              		.file 10 "../Drivers/STM32F1xx_HAL_Driver/Inc/stm32f1xx_hal_tim_ex.h"
 460              		.file 11 "../Core/Inc/main.h"
 461              		.file 12 "../Core/Inc/tim.h"
ARM GAS  C:\Users\wokad\AppData\Local\Temp\cc4o9MV9.s 			page 9


ARM GAS  C:\Users\wokad\AppData\Local\Temp\cc4o9MV9.s 			page 10


DEFINED SYMBOLS
                            *ABS*:0000000000000000 tim.c
C:\Users\wokad\AppData\Local\Temp\cc4o9MV9.s:16     .text.HAL_TIM_Base_MspInit:0000000000000000 $t
C:\Users\wokad\AppData\Local\Temp\cc4o9MV9.s:24     .text.HAL_TIM_Base_MspInit:0000000000000000 HAL_TIM_Base_MspInit
C:\Users\wokad\AppData\Local\Temp\cc4o9MV9.s:88     .text.HAL_TIM_Base_MspInit:000000000000003c $d
C:\Users\wokad\AppData\Local\Temp\cc4o9MV9.s:95     .text.HAL_TIM_MspPostInit:0000000000000000 $t
C:\Users\wokad\AppData\Local\Temp\cc4o9MV9.s:102    .text.HAL_TIM_MspPostInit:0000000000000000 HAL_TIM_MspPostInit
C:\Users\wokad\AppData\Local\Temp\cc4o9MV9.s:184    .text.HAL_TIM_MspPostInit:0000000000000048 $d
C:\Users\wokad\AppData\Local\Temp\cc4o9MV9.s:191    .text.MX_TIM3_Init:0000000000000000 $t
C:\Users\wokad\AppData\Local\Temp\cc4o9MV9.s:198    .text.MX_TIM3_Init:0000000000000000 MX_TIM3_Init
C:\Users\wokad\AppData\Local\Temp\cc4o9MV9.s:372    .text.MX_TIM3_Init:00000000000000a4 $d
C:\Users\wokad\AppData\Local\Temp\cc4o9MV9.s:385    .text.HAL_TIM_Base_MspDeInit:0000000000000000 $t
C:\Users\wokad\AppData\Local\Temp\cc4o9MV9.s:392    .text.HAL_TIM_Base_MspDeInit:0000000000000000 HAL_TIM_Base_MspDeInit
C:\Users\wokad\AppData\Local\Temp\cc4o9MV9.s:435    .text.HAL_TIM_Base_MspDeInit:0000000000000020 $d
C:\Users\wokad\AppData\Local\Temp\cc4o9MV9.s:447    .bss.htim3:0000000000000000 htim3
C:\Users\wokad\AppData\Local\Temp\cc4o9MV9.s:443    .bss.htim3:0000000000000000 $d

UNDEFINED SYMBOLS
HAL_NVIC_SetPriority
HAL_NVIC_EnableIRQ
HAL_GPIO_Init
HAL_TIM_Base_Init
HAL_TIM_ConfigClockSource
HAL_TIM_PWM_Init
HAL_TIMEx_MasterConfigSynchronization
HAL_TIM_PWM_ConfigChannel
Error_Handler
HAL_NVIC_DisableIRQ
